<?xml version="1.0" encoding="UTF-8"?>
<!-- Generated by org.testng.reporters.JUnitReportReporter -->
<testsuite hostname="DESKTOP-8VVGM8J" failures="0" tests="6" name="api.test.DDTests" time="9.198" errors="0" timestamp="2023-12-10T09:00:38 IST" skipped="0">
  <testcase classname="api.test.DDTests" name="testPostUser" time="1.266"/>
  <testcase classname="api.test.DDTests" name="testPostUser" time="1.278"/>
  <testcase classname="api.test.DDTests" name="testPostUser" time="2.916"/>
  <testcase classname="api.test.DDTests" name="testDeleteUserByName" time="1.189"/>
  <testcase classname="api.test.DDTests" name="testDeleteUserByName" time="1.322"/>
  <testcase classname="api.test.DDTests" name="testDeleteUserByName" time="1.227"/>
</testsuite> <!-- api.test.DDTests -->
